<?xml version="1.0" encoding="UTF-8"?>
<!-- Generated by org.testng.reporters.JUnitXMLReporter -->
<testsuite hostname="DESKTOP-8AVMNBI" ignored="0" name="Test" tests="2" failures="0" timestamp="2021-02-02T11:00:14 IST" time="70.368" errors="0">
  <testcase name="customerRegistration" time="30.962" classname="com.durgasoft.ecommerce.homepage.TC001_CustomerRegistration"/>
  <testcase name="hmsLogin" time="0.006" classname="com.durgasoft.ecommerce.homepage.TC001_CustomerRegistration"/>
</testsuite> <!-- Test -->
