<?xml version="1.0" encoding="UTF-8"?>
<testng-results skipped="0" failed="0" ignored="0" total="1" passed="1">
  <reporter-output>
  </reporter-output>
  <suite name="Default suite" duration-ms="116168" started-at="2021-01-23T11:15:09 IST" finished-at="2021-01-23T11:17:05 IST">
    <groups>
    </groups>
    <test name="Default test" duration-ms="116168" started-at="2021-01-23T11:15:09 IST" finished-at="2021-01-23T11:17:05 IST">
      <class name="com.durgasoft.homepage.TC001_HMS_Login_Logout">
        <test-method status="PASS" signature="beforeTest()[pri:0, instance:com.durgasoft.homepage.TC001_HMS_Login_Logout@30b8a058]" name="beforeTest" is-config="true" duration-ms="88227" started-at="2021-01-23T11:15:09 IST" finished-at="2021-01-23T11:16:37 IST">
          <reporter-output>
          </reporter-output>
        </test-method> <!-- beforeTest -->
        <test-method status="PASS" signature="hmsLoginLogout()[pri:0, instance:com.durgasoft.homepage.TC001_HMS_Login_Logout@30b8a058]" name="hmsLoginLogout" duration-ms="27781" started-at="2021-01-23T11:16:38 IST" description="This test case is to verify login &amp; logout in HMS" finished-at="2021-01-23T11:17:05 IST">
          <reporter-output>
          </reporter-output>
        </test-method> <!-- hmsLoginLogout -->
      </class> <!-- com.durgasoft.homepage.TC001_HMS_Login_Logout -->
    </test> <!-- Default test -->
  </suite> <!-- Default suite -->
</testng-results>
