<?xml version="1.0" encoding="UTF-8"?>
<testng-results skipped="0" failed="0" ignored="0" total="0" passed="0">
  <reporter-output>
  </reporter-output>
  <suite name="com.durgasoft.selenium_maven.AppTest" duration-ms="75" started-at="2021-01-22T10:47:01 IST" finished-at="2021-01-22T10:47:01 IST">
    <groups>
    </groups>
    <test name="Command line test" duration-ms="75" started-at="2021-01-22T10:47:01 IST" finished-at="2021-01-22T10:47:01 IST">
    </test> <!-- Command line test -->
  </suite> <!-- com.durgasoft.selenium_maven.AppTest -->
</testng-results>
